빌드 시작: 2016-09-28 오전 4:15:03
     1>2 노드의 "C:\Users\kshy9\CPL\CPL-20162-Team2\calibration\test_calibration\test_calibration\test_calibration.vcxproj" 프로젝트(Build 대상)입니다.
     1>ClCompile:
         C:\Program Files (x86)\Microsoft Visual Studio 12.0\VC\bin\CL.exe /c /I./../../../opencv\build\include /ZI /nologo /W3 /WX- /Od /Oy- /D WIN32 /D _DEBUG /D _CONSOLE /D _LIB /D _UNICODE /D UNICODE /Gm /EHsc /RTC1 /MDd /GS /fp:precise /Zc:wchar_t /Zc:forScope /Fo"Debug\\" /Fd"Debug\vc120.pdb" /Gd /TP /analyze- /errorReport:prompt test_calibration.cpp
         test_calibration.cpp
     1>c:\users\kshy9\cpl\cpl-20162-team2\opencv\build\include\opencv2\core\mat.hpp(1965): warning C4819: 현재 코드 페이지(949)에서 표시할 수 없는 문자가 파일에 들어 있습니다. 데이터가 손실되지 않게 하려면 해당 파일을 유니코드 형식으로 저장하십시오.
     1>c:\users\kshy9\cpl\cpl-20162-team2\opencv\build\include\opencv2\core\persistence.hpp : warning C4819: 현재 코드 페이지(949)에서 표시할 수 없는 문자가 파일에 들어 있습니다. 데이터가 손실되지 않게 하려면 해당 파일을 유니코드 형식으로 저장하십시오.
     1>c:\users\kshy9\cpl\cpl-20162-team2\opencv\build\include\opencv2\core\utility.hpp : warning C4819: 현재 코드 페이지(949)에서 표시할 수 없는 문자가 파일에 들어 있습니다. 데이터가 손실되지 않게 하려면 해당 파일을 유니코드 형식으로 저장하십시오.
       Link:
         C:\Program Files (x86)\Microsoft Visual Studio 12.0\VC\bin\link.exe /ERRORREPORT:PROMPT /OUT:"C:\Users\kshy9\CPL\CPL-20162-Team2\calibration\test_calibration\Debug\test_calibration.exe" /INCREMENTAL /NOLOGO /LIBPATH:./../../../opencv\build\x64\vc12\lib opencv_world310.lib opencv_world310d.lib kernel32.lib user32.lib gdi32.lib winspool.lib comdlg32.lib advapi32.lib shell32.lib ole32.lib oleaut32.lib uuid.lib odbc32.lib odbccp32.lib /MANIFEST /MANIFESTUAC:"level='asInvoker' uiAccess='false'" /manifest:embed /DEBUG /PDB:"C:\Users\kshy9\CPL\CPL-20162-Team2\calibration\test_calibration\Debug\test_calibration.pdb" /SUBSYSTEM:CONSOLE /TLBID:1 /DYNAMICBASE /NXCOMPAT /IMPLIB:"C:\Users\kshy9\CPL\CPL-20162-Team2\calibration\test_calibration\Debug\test_calibration.lib" /MACHINE:X86 Debug\test_calibration.obj
     1>test_calibration.obj : error LNK2019: "private: char * __thiscall cv::String::allocate(unsigned int)" (?allocate@String@cv@@AAEPADI@Z) 외부 기호(참조 위치: "public: __thiscall cv::String::String(char const *)" (??0String@cv@@QAE@PBD@Z) 함수)에서 확인하지 못했습니다.
     1>test_calibration.obj : error LNK2019: "private: void __thiscall cv::String::deallocate(void)" (?deallocate@String@cv@@AAEXXZ) 외부 기호(참조 위치: "public: __thiscall cv::String::~String(void)" (??1String@cv@@QAE@XZ) 함수)에서 확인하지 못했습니다.
     1>test_calibration.obj : error LNK2019: "void __cdecl cv::namedWindow(class cv::String const &,int)" (?namedWindow@cv@@YAXABVString@1@H@Z) 외부 기호(참조 위치: _main 함수)에서 확인하지 못했습니다.
     1>C:\Users\kshy9\CPL\CPL-20162-Team2\calibration\test_calibration\Debug\test_calibration.exe : fatal error LNK1120: 3개의 확인할 수 없는 외부 참조입니다.
     1>"C:\Users\kshy9\CPL\CPL-20162-Team2\calibration\test_calibration\test_calibration\test_calibration.vcxproj" 프로젝트를 빌드했습니다(Build 대상). - 실패

빌드하지 못했습니다.

경과 시간: 00:00:02.15
